Waking up animals
---------------------------
Name: Chloe
Type: Cat
Chloe wakes up
Name: Charlie
Type: Cat
Charlie wakes up
Name: Dexter
Type: Dog
Dexter wakes up
Name: Dan
Type: Dog
Dan wakes up
Name: Leo
Type: Lion
Leo wakes up
Name: Lucy
Type: Lion
Lucy wakes up
Name: Harry
Type: Hippo
Harry wakes up
Name: Howard
Type: Hippo
Howard wakes up
Name: Edward
Type: Elephant
Edward wakes up
Name: Eddy
Type: Elephant
Eddy wakes up
Name: Rad
Type: Rhino
Rad wakes up
Name: Ruby
Type: Rhino
Ruby wakes up
Name: Will
Type: Wolf
Will wakes up
Name: Wade
Type: Wolf
Wade wakes up


Roll calling animals
---------------------------
Name: Chloe
Type: Cat
Chloe says meow
Name: Charlie
Type: Cat
Charlie says meow
Name: Dexter
Type: Dog
Dexter barks
Name: Dan
Type: Dog
Dan barks
Name: Leo
Type: Lion
Leo roars
Name: Lucy
Type: Lion
Lucy roars
Name: Harry
Type: Hippo
Harry growls
Name: Howard
Type: Hippo
Howard growls
Name: Edward
Type: Elephant
Edward says rumbles
Name: Eddy
Type: Elephant
Eddy says rumbles
Name: Rad
Type: Rhino
Rad growls
Name: Ruby
Type: Rhino
Ruby growls
Name: Will
Type: Wolf
Will howls
Name: Wade
Type: Wolf
Wade howls


Feeding the animals
---------------------------
Name: Chloe
Type: Cat
Chloe eats
Name: Charlie
Type: Cat
Charlie eats
Name: Dexter
Type: Dog
Dexter eats
Name: Dan
Type: Dog
Dan eats
Name: Leo
Type: Lion
Leo eats
Name: Lucy
Type: Lion
Lucy eats
Name: Harry
Type: Hippo
Harry eats
Name: Howard
Type: Hippo
Howard eats
Name: Edward
Type: Elephant
Edward eats
Name: Eddy
Type: Elephant
Eddy eats
Name: Rad
Type: Rhino
Rad eats
Name: Ruby
Type: Rhino
Ruby eats
Name: Will
Type: Wolf
Will eats
Name: Wade
Type: Wolf
Wade eats


Exercising the animals
---------------------------
Name: Chloe
Type: Cat
Chloe roams
Name: Charlie
Type: Cat
Charlie roams
Name: Dexter
Type: Dog
Dexter roams
Name: Dan
Type: Dog
Dan roams
Name: Leo
Type: Lion
Leo roams
Name: Lucy
Type: Lion
Lucy roams
Name: Harry
Type: Hippo
Harry roams
Name: Howard
Type: Hippo
Howard roams
Name: Edward
Type: Elephant
Edward roams
Name: Eddy
Type: Elephant
Eddy roams
Name: Rad
Type: Rhino
Rad roams
Name: Ruby
Type: Rhino
Ruby roams
Name: Will
Type: Wolf
Will roams
Name: Wade
Type: Wolf
Wade roams


Shutting down the zoo
---------------------------
Name: Chloe
Type: Cat
Chloe says meow
Name: Charlie
Type: Cat
Charlie eats
Name: Dexter
Type: Dog
Dexter sleeps
Name: Dan
Type: Dog
Dan sleeps
Name: Leo
Type: Lion
Leo sleeps
Name: Lucy
Type: Lion
Lucy sleeps
Name: Harry
Type: Hippo
Harry sleeps
Name: Howard
Type: Hippo
Howard sleeps
Name: Edward
Type: Elephant
Edward sleeps
Name: Eddy
Type: Elephant
Eddy sleeps
Name: Rad
Type: Rhino
Rad sleeps
Name: Ruby
Type: Rhino
Ruby sleeps
Name: Will
Type: Wolf
Will sleeps
Name: Wade
Type: Wolf
Wade sleeps


